<?xml version="1.0" encoding="UTF-8"?>
<beans
		xmlns="http://www.springframework.org/schema/beans"
		xmlns:xsi="http://www.w3.org/2001/XMLSchema-instance"
		xsi:schemaLocation="http://www.springframework.org/schema/beans http://www.springframework.org/schema/beans/spring-beans.xsd">

	<bean class="org.saltframework.core.boot.lifecycle.FindTest" />
	<bean class="org.saltframework.core.boot.lifecycle.BeanLoadTest" id="ssss"/>
	<bean class="org.saltframework.core.boot.lifecycle.FirstBeanTestPostProcessor" id="firstBeanTestPostProcessor"/>
	<bean class="org.saltframework.core.boot.lifecycle.SecondBeanTestPostProcessor" id="secondBeanTestPostProcessor"/>
	<bean class="org.saltframework.core.boot.lifecycle.CreateBeanTest" id="beanTest" />

</beans>